2025-03-31 09:29:22,040 INFO o.a.j.u.JMeterUtils: Setting Locale to en_EN
2025-03-31 09:29:22,061 INFO o.a.j.JMeter: Loading user properties from: /home/codespace/jmeter/bin/user.properties
2025-03-31 09:29:22,061 INFO o.a.j.JMeter: Loading system properties from: /home/codespace/jmeter/bin/system.properties
2025-03-31 09:29:22,069 INFO o.a.j.JMeter: Copyright (c) 1998-2024 The Apache Software Foundation
2025-03-31 09:29:22,070 INFO o.a.j.JMeter: Version 5.6.3
2025-03-31 09:29:22,071 INFO o.a.j.JMeter: java.version=21.0.6
2025-03-31 09:29:22,071 INFO o.a.j.JMeter: java.vm.name=OpenJDK 64-Bit Server VM
2025-03-31 09:29:22,071 INFO o.a.j.JMeter: os.name=Linux
2025-03-31 09:29:22,071 INFO o.a.j.JMeter: os.arch=amd64
2025-03-31 09:29:22,071 INFO o.a.j.JMeter: os.version=6.8.0-1021-azure
2025-03-31 09:29:22,071 INFO o.a.j.JMeter: file.encoding=UTF-8
2025-03-31 09:29:22,071 INFO o.a.j.JMeter: java.awt.headless=true
2025-03-31 09:29:22,071 INFO o.a.j.JMeter: Max memory     =1073741824
2025-03-31 09:29:22,072 INFO o.a.j.JMeter: Available Processors =2
2025-03-31 09:29:22,083 INFO o.a.j.JMeter: Default Locale=English (EN)
2025-03-31 09:29:22,083 INFO o.a.j.JMeter: JMeter  Locale=English (EN)
2025-03-31 09:29:22,084 INFO o.a.j.JMeter: JMeterHome=/home/codespace/jmeter
2025-03-31 09:29:22,084 INFO o.a.j.JMeter: user.dir  =/workspaces/GameLibraryAPI
2025-03-31 09:29:22,084 INFO o.a.j.JMeter: PWD       =/workspaces/GameLibraryAPI
2025-03-31 09:29:22,085 INFO o.a.j.JMeter: IP: 127.0.0.1 Name: codespaces-9d48ea FullName: localhost
2025-03-31 09:29:22,102 INFO o.a.j.s.FileServer: Default base='/workspaces/GameLibraryAPI'
2025-03-31 09:29:22,104 INFO o.a.j.s.FileServer: Set new base='/workspaces/GameLibraryAPI/PerformanceTests'
2025-03-31 09:29:22,376 INFO o.a.j.s.SaveService: Testplan (JMX) version: 2.2. Testlog (JTL) version: 2.2
2025-03-31 09:29:22,424 INFO o.a.j.s.SaveService: Using SaveService properties version 5.0
2025-03-31 09:29:22,429 INFO o.a.j.s.SaveService: Using SaveService properties file encoding UTF-8
2025-03-31 09:29:22,435 INFO o.a.j.s.SaveService: Loading file: PerformanceTests/TestPerformantaGames.jmx
2025-03-31 09:29:22,503 INFO o.a.j.p.h.s.HTTPSamplerBase: Parser for text/html is org.apache.jmeter.protocol.http.parser.LagartoBasedHtmlParser
2025-03-31 09:29:22,504 INFO o.a.j.p.h.s.HTTPSamplerBase: Parser for application/xhtml+xml is org.apache.jmeter.protocol.http.parser.LagartoBasedHtmlParser
2025-03-31 09:29:22,504 INFO o.a.j.p.h.s.HTTPSamplerBase: Parser for application/xml is org.apache.jmeter.protocol.http.parser.LagartoBasedHtmlParser
2025-03-31 09:29:22,504 INFO o.a.j.p.h.s.HTTPSamplerBase: Parser for text/xml is org.apache.jmeter.protocol.http.parser.LagartoBasedHtmlParser
2025-03-31 09:29:22,504 INFO o.a.j.p.h.s.HTTPSamplerBase: Parser for text/vnd.wap.wml is org.apache.jmeter.protocol.http.parser.RegexpHTMLParser
2025-03-31 09:29:22,504 INFO o.a.j.p.h.s.HTTPSamplerBase: Parser for text/css is org.apache.jmeter.protocol.http.parser.CssParser
2025-03-31 09:29:22,552 INFO o.a.j.JMeter: Creating summariser <summary>
2025-03-31 09:29:22,574 INFO o.a.j.e.StandardJMeterEngine: Running the test!
2025-03-31 09:29:22,575 INFO o.a.j.s.SampleEvent: List of sample_variables: []
2025-03-31 09:29:22,575 INFO o.a.j.s.SampleEvent: List of sample_variables: []
2025-03-31 09:29:22,584 INFO o.a.j.e.u.CompoundVariable: Note: Function class names must contain the string: '.functions.'
2025-03-31 09:29:22,584 INFO o.a.j.e.u.CompoundVariable: Note: Function class names must not contain the string: '.gui.'
2025-03-31 09:29:22,653 INFO o.a.j.JMeter: Running test (1743413362653)
2025-03-31 09:29:22,692 INFO o.a.j.e.StandardJMeterEngine: Starting ThreadGroup: 1 : Thread Group
2025-03-31 09:29:22,692 INFO o.a.j.e.StandardJMeterEngine: Starting 50 threads for group Thread Group.
2025-03-31 09:29:22,692 INFO o.a.j.e.StandardJMeterEngine: Thread will continue on error
2025-03-31 09:29:22,692 INFO o.a.j.t.ThreadGroup: Starting thread group... number=1 threads=50 ramp-up=10 delayedStart=false
2025-03-31 09:29:22,702 INFO o.a.j.t.JMeterThread: Thread started: Thread Group 1-1
2025-03-31 09:29:22,757 INFO o.a.j.t.ThreadGroup: Started thread group number 1
2025-03-31 09:29:22,758 INFO o.a.j.e.StandardJMeterEngine: All thread groups have been started
2025-03-31 09:29:22,896 INFO o.a.j.t.JMeterThread: Thread started: Thread Group 1-2
2025-03-31 09:29:23,095 INFO o.a.j.t.JMeterThread: Thread started: Thread Group 1-3
2025-03-31 09:29:23,239 INFO o.a.j.p.h.s.HTTPHCAbstractImpl: Local host = codespaces-9d48ea
2025-03-31 09:29:23,250 INFO o.a.j.p.h.s.HTTPHC4Impl: HTTP request retry count = 0
2025-03-31 09:29:23,252 INFO o.a.j.s.SampleResult: Note: Sample TimeStamps are START times
2025-03-31 09:29:23,252 INFO o.a.j.s.SampleResult: sampleresult.default.encoding is set to UTF-8
2025-03-31 09:29:23,252 INFO o.a.j.s.SampleResult: sampleresult.useNanoTime=true
2025-03-31 09:29:23,252 INFO o.a.j.s.SampleResult: sampleresult.nanoThreadSleep=5000
2025-03-31 09:29:23,294 INFO o.a.j.t.JMeterThread: Thread started: Thread Group 1-4
2025-03-31 09:29:23,380 INFO o.a.j.p.h.s.h.LazyLayeredConnectionSocketFactory: Setting up HTTPS TrustAll Socket Factory
2025-03-31 09:29:23,388 INFO o.a.j.u.JsseSSLManager: Using default SSL protocol: TLS
2025-03-31 09:29:23,388 INFO o.a.j.u.JsseSSLManager: SSL session context: per-thread
2025-03-31 09:29:23,462 INFO o.a.j.u.SSLManager: JmeterKeyStore Location:  type JKS
2025-03-31 09:29:23,466 INFO o.a.j.u.SSLManager: KeyStore created OK
2025-03-31 09:29:23,466 WARN o.a.j.u.SSLManager: Keystore file not found, loading empty keystore
2025-03-31 09:29:23,500 INFO o.a.j.t.JMeterThread: Thread started: Thread Group 1-5
2025-03-31 09:29:23,694 INFO o.a.j.t.JMeterThread: Thread started: Thread Group 1-6
2025-03-31 09:29:23,893 INFO o.a.j.t.JMeterThread: Thread started: Thread Group 1-7
2025-03-31 09:29:24,094 INFO o.a.j.t.JMeterThread: Thread started: Thread Group 1-8
2025-03-31 09:29:24,293 INFO o.a.j.t.JMeterThread: Thread started: Thread Group 1-9
2025-03-31 09:29:24,493 INFO o.a.j.t.JMeterThread: Thread started: Thread Group 1-10
2025-03-31 09:29:24,694 INFO o.a.j.t.JMeterThread: Thread started: Thread Group 1-11
2025-03-31 09:29:24,894 INFO o.a.j.t.JMeterThread: Thread started: Thread Group 1-12
2025-03-31 09:29:25,092 INFO o.a.j.t.JMeterThread: Thread started: Thread Group 1-13
2025-03-31 09:29:25,294 INFO o.a.j.t.JMeterThread: Thread started: Thread Group 1-14
2025-03-31 09:29:25,494 INFO o.a.j.t.JMeterThread: Thread started: Thread Group 1-15
2025-03-31 09:29:25,696 INFO o.a.j.t.JMeterThread: Thread started: Thread Group 1-16
2025-03-31 09:29:25,894 INFO o.a.j.t.JMeterThread: Thread started: Thread Group 1-17
2025-03-31 09:29:26,094 INFO o.a.j.t.JMeterThread: Thread started: Thread Group 1-18
2025-03-31 09:29:26,294 INFO o.a.j.t.JMeterThread: Thread started: Thread Group 1-19
2025-03-31 09:29:26,493 INFO o.a.j.t.JMeterThread: Thread started: Thread Group 1-20
2025-03-31 09:29:26,693 INFO o.a.j.t.JMeterThread: Thread started: Thread Group 1-21
2025-03-31 09:29:26,893 INFO o.a.j.t.JMeterThread: Thread started: Thread Group 1-22
2025-03-31 09:29:27,092 INFO o.a.j.t.JMeterThread: Thread started: Thread Group 1-23
2025-03-31 09:29:27,293 INFO o.a.j.t.JMeterThread: Thread started: Thread Group 1-24
2025-03-31 09:29:27,494 INFO o.a.j.t.JMeterThread: Thread started: Thread Group 1-25
2025-03-31 09:29:27,694 INFO o.a.j.t.JMeterThread: Thread started: Thread Group 1-26
2025-03-31 09:29:27,894 INFO o.a.j.t.JMeterThread: Thread started: Thread Group 1-27
2025-03-31 09:29:28,094 INFO o.a.j.t.JMeterThread: Thread started: Thread Group 1-28
2025-03-31 09:29:28,293 INFO o.a.j.t.JMeterThread: Thread started: Thread Group 1-29
2025-03-31 09:29:28,494 INFO o.a.j.t.JMeterThread: Thread started: Thread Group 1-30
2025-03-31 09:29:28,694 INFO o.a.j.t.JMeterThread: Thread started: Thread Group 1-31
2025-03-31 09:29:28,894 INFO o.a.j.t.JMeterThread: Thread started: Thread Group 1-32
2025-03-31 09:29:29,095 INFO o.a.j.t.JMeterThread: Thread started: Thread Group 1-33
2025-03-31 09:29:29,294 INFO o.a.j.t.JMeterThread: Thread started: Thread Group 1-34
2025-03-31 09:29:29,494 INFO o.a.j.t.JMeterThread: Thread started: Thread Group 1-35
2025-03-31 09:29:29,694 INFO o.a.j.t.JMeterThread: Thread started: Thread Group 1-36
2025-03-31 09:29:29,893 INFO o.a.j.t.JMeterThread: Thread started: Thread Group 1-37
2025-03-31 09:29:30,017 INFO o.a.j.r.Summariser: summary +    218 in 00:00:07 =   29.6/s Avg:    70 Min:    10 Max:   742 Err:   218 (100.00%) Active: 37 Started: 37 Finished: 0
2025-03-31 09:29:30,093 INFO o.a.j.t.JMeterThread: Thread started: Thread Group 1-38
2025-03-31 09:29:30,294 INFO o.a.j.t.JMeterThread: Thread started: Thread Group 1-39
2025-03-31 09:29:30,493 INFO o.a.j.t.JMeterThread: Thread started: Thread Group 1-40
2025-03-31 09:29:30,693 INFO o.a.j.t.JMeterThread: Thread started: Thread Group 1-41
2025-03-31 09:29:30,892 INFO o.a.j.t.JMeterThread: Thread started: Thread Group 1-42
2025-03-31 09:29:31,093 INFO o.a.j.t.JMeterThread: Thread started: Thread Group 1-43
2025-03-31 09:29:31,293 INFO o.a.j.t.JMeterThread: Thread started: Thread Group 1-44
2025-03-31 09:29:31,493 INFO o.a.j.t.JMeterThread: Thread started: Thread Group 1-45
2025-03-31 09:29:31,693 INFO o.a.j.t.JMeterThread: Thread started: Thread Group 1-46
2025-03-31 09:29:31,893 INFO o.a.j.t.JMeterThread: Thread started: Thread Group 1-47
2025-03-31 09:29:32,093 INFO o.a.j.t.JMeterThread: Thread started: Thread Group 1-48
2025-03-31 09:29:32,293 INFO o.a.j.t.JMeterThread: Thread started: Thread Group 1-49
2025-03-31 09:29:32,494 INFO o.a.j.t.JMeterThread: Thread started: Thread Group 1-50
2025-03-31 09:29:50,399 INFO o.a.j.t.JMeterThread: Thread is done: Thread Group 1-4
2025-03-31 09:29:50,399 INFO o.a.j.t.JMeterThread: Thread finished: Thread Group 1-4
2025-03-31 09:29:51,049 INFO o.a.j.t.JMeterThread: Thread is done: Thread Group 1-5
2025-03-31 09:29:51,049 INFO o.a.j.t.JMeterThread: Thread finished: Thread Group 1-5
2025-03-31 09:29:51,111 INFO o.a.j.t.JMeterThread: Thread is done: Thread Group 1-3
2025-03-31 09:29:51,111 INFO o.a.j.t.JMeterThread: Thread finished: Thread Group 1-3
2025-03-31 09:29:51,399 INFO o.a.j.t.JMeterThread: Thread is done: Thread Group 1-8
2025-03-31 09:29:51,399 INFO o.a.j.t.JMeterThread: Thread finished: Thread Group 1-8
2025-03-31 09:29:51,578 INFO o.a.j.t.JMeterThread: Thread is done: Thread Group 1-9
2025-03-31 09:29:51,578 INFO o.a.j.t.JMeterThread: Thread finished: Thread Group 1-9
2025-03-31 09:29:52,088 INFO o.a.j.t.JMeterThread: Thread is done: Thread Group 1-13
2025-03-31 09:29:52,088 INFO o.a.j.t.JMeterThread: Thread finished: Thread Group 1-13
2025-03-31 09:29:52,631 INFO o.a.j.t.JMeterThread: Thread is done: Thread Group 1-6
2025-03-31 09:29:52,631 INFO o.a.j.t.JMeterThread: Thread finished: Thread Group 1-6
2025-03-31 09:29:52,980 INFO o.a.j.t.JMeterThread: Thread is done: Thread Group 1-2
2025-03-31 09:29:52,981 INFO o.a.j.t.JMeterThread: Thread finished: Thread Group 1-2
2025-03-31 09:29:53,058 INFO o.a.j.t.JMeterThread: Thread is done: Thread Group 1-1
2025-03-31 09:29:53,058 INFO o.a.j.t.JMeterThread: Thread finished: Thread Group 1-1
2025-03-31 09:29:53,148 INFO o.a.j.t.JMeterThread: Thread is done: Thread Group 1-12
2025-03-31 09:29:53,148 INFO o.a.j.t.JMeterThread: Thread finished: Thread Group 1-12
2025-03-31 09:29:53,151 INFO o.a.j.t.JMeterThread: Thread is done: Thread Group 1-14
2025-03-31 09:29:53,151 INFO o.a.j.t.JMeterThread: Thread finished: Thread Group 1-14
2025-03-31 09:29:53,399 INFO o.a.j.t.JMeterThread: Thread is done: Thread Group 1-16
2025-03-31 09:29:53,399 INFO o.a.j.t.JMeterThread: Thread finished: Thread Group 1-16
2025-03-31 09:29:53,452 INFO o.a.j.t.JMeterThread: Thread is done: Thread Group 1-7
2025-03-31 09:29:53,452 INFO o.a.j.t.JMeterThread: Thread finished: Thread Group 1-7
2025-03-31 09:29:53,839 INFO o.a.j.t.JMeterThread: Thread is done: Thread Group 1-11
2025-03-31 09:29:53,840 INFO o.a.j.t.JMeterThread: Thread finished: Thread Group 1-11
2025-03-31 09:29:54,111 INFO o.a.j.t.JMeterThread: Thread is done: Thread Group 1-17
2025-03-31 09:29:54,111 INFO o.a.j.t.JMeterThread: Thread finished: Thread Group 1-17
2025-03-31 09:29:54,240 INFO o.a.j.t.JMeterThread: Thread is done: Thread Group 1-23
2025-03-31 09:29:54,241 INFO o.a.j.t.JMeterThread: Thread finished: Thread Group 1-23
2025-03-31 09:29:54,480 INFO o.a.j.t.JMeterThread: Thread is done: Thread Group 1-18
2025-03-31 09:29:54,480 INFO o.a.j.t.JMeterThread: Thread finished: Thread Group 1-18
2025-03-31 09:29:54,646 INFO o.a.j.t.JMeterThread: Thread is done: Thread Group 1-19
2025-03-31 09:29:54,646 INFO o.a.j.t.JMeterThread: Thread finished: Thread Group 1-19
2025-03-31 09:29:54,879 INFO o.a.j.t.JMeterThread: Thread is done: Thread Group 1-22
2025-03-31 09:29:54,879 INFO o.a.j.t.JMeterThread: Thread finished: Thread Group 1-22
2025-03-31 09:29:54,951 INFO o.a.j.t.JMeterThread: Thread is done: Thread Group 1-10
2025-03-31 09:29:54,951 INFO o.a.j.t.JMeterThread: Thread finished: Thread Group 1-10
2025-03-31 09:29:54,985 INFO o.a.j.t.JMeterThread: Thread is done: Thread Group 1-25
2025-03-31 09:29:54,986 INFO o.a.j.t.JMeterThread: Thread finished: Thread Group 1-25
2025-03-31 09:29:54,994 INFO o.a.j.t.JMeterThread: Thread is done: Thread Group 1-30
2025-03-31 09:29:54,994 INFO o.a.j.t.JMeterThread: Thread finished: Thread Group 1-30
2025-03-31 09:29:55,169 INFO o.a.j.t.JMeterThread: Thread is done: Thread Group 1-29
2025-03-31 09:29:55,169 INFO o.a.j.t.JMeterThread: Thread finished: Thread Group 1-29
2025-03-31 09:29:55,186 INFO o.a.j.t.JMeterThread: Thread is done: Thread Group 1-21
2025-03-31 09:29:55,186 INFO o.a.j.t.JMeterThread: Thread finished: Thread Group 1-21
2025-03-31 09:29:55,550 INFO o.a.j.t.JMeterThread: Thread is done: Thread Group 1-20
2025-03-31 09:29:55,551 INFO o.a.j.t.JMeterThread: Thread finished: Thread Group 1-20
2025-03-31 09:29:55,647 INFO o.a.j.t.JMeterThread: Thread is done: Thread Group 1-26
2025-03-31 09:29:55,648 INFO o.a.j.t.JMeterThread: Thread finished: Thread Group 1-26
2025-03-31 09:29:55,932 INFO o.a.j.t.JMeterThread: Thread is done: Thread Group 1-24
2025-03-31 09:29:55,933 INFO o.a.j.t.JMeterThread: Thread finished: Thread Group 1-24
2025-03-31 09:29:56,355 INFO o.a.j.t.JMeterThread: Thread is done: Thread Group 1-36
2025-03-31 09:29:56,355 INFO o.a.j.t.JMeterThread: Thread finished: Thread Group 1-36
2025-03-31 09:29:56,505 INFO o.a.j.t.JMeterThread: Thread is done: Thread Group 1-27
2025-03-31 09:29:56,505 INFO o.a.j.t.JMeterThread: Thread finished: Thread Group 1-27
2025-03-31 09:29:56,663 INFO o.a.j.t.JMeterThread: Thread is done: Thread Group 1-32
2025-03-31 09:29:56,663 INFO o.a.j.t.JMeterThread: Thread finished: Thread Group 1-32
2025-03-31 09:29:57,094 INFO o.a.j.t.JMeterThread: Thread is done: Thread Group 1-40
2025-03-31 09:29:57,094 INFO o.a.j.t.JMeterThread: Thread finished: Thread Group 1-40
2025-03-31 09:29:57,140 INFO o.a.j.t.JMeterThread: Thread is done: Thread Group 1-28
2025-03-31 09:29:57,141 INFO o.a.j.t.JMeterThread: Thread finished: Thread Group 1-28
2025-03-31 09:29:57,185 INFO o.a.j.t.JMeterThread: Thread is done: Thread Group 1-31
2025-03-31 09:29:57,186 INFO o.a.j.t.JMeterThread: Thread finished: Thread Group 1-31
2025-03-31 09:29:57,280 INFO o.a.j.t.JMeterThread: Thread is done: Thread Group 1-34
2025-03-31 09:29:57,280 INFO o.a.j.t.JMeterThread: Thread finished: Thread Group 1-34
2025-03-31 09:29:58,223 INFO o.a.j.t.JMeterThread: Thread is done: Thread Group 1-43
2025-03-31 09:29:58,224 INFO o.a.j.t.JMeterThread: Thread finished: Thread Group 1-43
2025-03-31 09:29:58,278 INFO o.a.j.t.JMeterThread: Thread is done: Thread Group 1-42
2025-03-31 09:29:58,278 INFO o.a.j.t.JMeterThread: Thread finished: Thread Group 1-42
2025-03-31 09:29:58,316 INFO o.a.j.t.JMeterThread: Thread is done: Thread Group 1-15
2025-03-31 09:29:58,316 INFO o.a.j.t.JMeterThread: Thread finished: Thread Group 1-15
2025-03-31 09:29:58,580 INFO o.a.j.t.JMeterThread: Thread is done: Thread Group 1-41
2025-03-31 09:29:58,580 INFO o.a.j.t.JMeterThread: Thread finished: Thread Group 1-41
2025-03-31 09:29:58,713 INFO o.a.j.t.JMeterThread: Thread is done: Thread Group 1-33
2025-03-31 09:29:58,713 INFO o.a.j.t.JMeterThread: Thread finished: Thread Group 1-33
2025-03-31 09:29:58,881 INFO o.a.j.t.JMeterThread: Thread is done: Thread Group 1-39
2025-03-31 09:29:58,882 INFO o.a.j.t.JMeterThread: Thread finished: Thread Group 1-39
2025-03-31 09:29:59,105 INFO o.a.j.t.JMeterThread: Thread is done: Thread Group 1-38
2025-03-31 09:29:59,105 INFO o.a.j.t.JMeterThread: Thread finished: Thread Group 1-38
2025-03-31 09:29:59,141 INFO o.a.j.t.JMeterThread: Thread is done: Thread Group 1-45
2025-03-31 09:29:59,141 INFO o.a.j.t.JMeterThread: Thread finished: Thread Group 1-45
2025-03-31 09:29:59,168 INFO o.a.j.t.JMeterThread: Thread is done: Thread Group 1-46
2025-03-31 09:29:59,168 INFO o.a.j.t.JMeterThread: Thread finished: Thread Group 1-46
2025-03-31 09:29:59,563 INFO o.a.j.t.JMeterThread: Thread is done: Thread Group 1-44
2025-03-31 09:29:59,563 INFO o.a.j.t.JMeterThread: Thread finished: Thread Group 1-44
2025-03-31 09:29:59,689 INFO o.a.j.t.JMeterThread: Thread is done: Thread Group 1-50
2025-03-31 09:29:59,689 INFO o.a.j.t.JMeterThread: Thread finished: Thread Group 1-50
2025-03-31 09:30:00,014 INFO o.a.j.r.Summariser: summary +   2272 in 00:00:30 =   75.7/s Avg:    66 Min:     9 Max:  2580 Err:  2272 (100.00%) Active: 5 Started: 50 Finished: 45
2025-03-31 09:30:00,015 INFO o.a.j.r.Summariser: summary =   2490 in 00:00:37 =   66.6/s Avg:    67 Min:     9 Max:  2580 Err:  2490 (100.00%)
2025-03-31 09:30:00,544 INFO o.a.j.t.JMeterThread: Thread is done: Thread Group 1-37
2025-03-31 09:30:00,544 INFO o.a.j.t.JMeterThread: Thread finished: Thread Group 1-37
2025-03-31 09:30:00,781 INFO o.a.j.t.JMeterThread: Thread is done: Thread Group 1-47
2025-03-31 09:30:00,781 INFO o.a.j.t.JMeterThread: Thread finished: Thread Group 1-47
2025-03-31 09:30:01,064 INFO o.a.j.t.JMeterThread: Thread is done: Thread Group 1-35
2025-03-31 09:30:01,064 INFO o.a.j.t.JMeterThread: Thread finished: Thread Group 1-35
2025-03-31 09:30:01,553 INFO o.a.j.t.JMeterThread: Thread is done: Thread Group 1-49
2025-03-31 09:30:01,553 INFO o.a.j.t.JMeterThread: Thread finished: Thread Group 1-49
2025-03-31 09:30:01,608 INFO o.a.j.t.JMeterThread: Thread is done: Thread Group 1-48
2025-03-31 09:30:01,608 INFO o.a.j.t.JMeterThread: Thread finished: Thread Group 1-48
2025-03-31 09:30:01,609 INFO o.a.j.e.StandardJMeterEngine: Notifying test listeners of end of test
2025-03-31 09:30:01,610 INFO o.a.j.r.Summariser: summary +     10 in 00:00:02 =    6.3/s Avg:   155 Min:    18 Max:   362 Err:    10 (100.00%) Active: 0 Started: 50 Finished: 50
2025-03-31 09:30:01,610 INFO o.a.j.r.Summariser: summary =   2500 in 00:00:39 =   64.2/s Avg:    67 Min:     9 Max:  2580 Err:  2500 (100.00%)
